  DebugLogger.cpp
  DllUtils.cpp
  Redoneproject.cpp
C:\Program Files\Microsoft Visual Studio\2022\Community\VC\Tools\MSVC\14.43.34808\include\xutility(4829,18): warning C4244: '=': conversion from 'const wchar_t' to 'char', possible loss of data
  (compiling source file 'DllUtils.cpp')
      C:\Program Files\Microsoft Visual Studio\2022\Community\VC\Tools\MSVC\14.43.34808\include\xutility(4829,18):
      the template instantiation context (the oldest one first) is
          C:\Users\n\source\repos\Dawn-of-war-overdrive-performance forked\Redone\DllUtils.cpp(9,28):
          see reference to function template instantiation 'std::basic_string<char,std::char_traits<char>,std::allocator<char>>::basic_string<std::_String_const_iterator<std::_String_val<std::_Simple_types<_Elem>>>,0>(_Iter,_Iter,const _Alloc &)' being compiled
          with
          [
              _Elem=wchar_t,
              _Iter=std::_String_const_iterator<std::_String_val<std::_Simple_types<wchar_t>>>,
              _Alloc=std::allocator<char>
          ]
              C:\Users\n\source\repos\Dawn-of-war-overdrive-performance forked\Redone\DllUtils.cpp(9,28):
              see the first reference to 'std::basic_string<char,std::char_traits<char>,std::allocator<char>>::basic_string' in 'loadDll'
          C:\Program Files\Microsoft Visual Studio\2022\Community\VC\Tools\MSVC\14.43.34808\include\xstring(788,17):
          see reference to function template instantiation 'void std::basic_string<char,std::char_traits<char>,std::allocator<char>>::_Construct_from_iter<const wchar_t*,const wchar_t*,_Size_type>(_Iter,const _Sent,_Size)' being compiled
          with
          [
              _Size_type=unsigned int,
              _Iter=const wchar_t *,
              _Sent=const wchar_t *,
              _Size=unsigned int
          ]
          C:\Program Files\Microsoft Visual Studio\2022\Community\VC\Tools\MSVC\14.43.34808\include\xstring(944,18):
          see reference to function template instantiation '_OutIt *std::_Copy_n_unchecked4<const wchar_t*,_Size,char*>(_InIt,_SizeTy,_OutIt)' being compiled
          with
          [
              _OutIt=char *,
              _Size=unsigned int,
              _InIt=const wchar_t *,
              _SizeTy=unsigned int
          ]
  
  ZeroPEChecksum.cpp
     Creating library C:\Users\n\Documents\Output directory\Patcher\Redone.lib and object C:\Users\n\Documents\Output directory\Patcher\Redone.exp
  Generating code
  Previous IPDB not found, fall back to full compilation.
  All 374 functions were compiled because no usable IPDB/IOBJ from previous compilation was found.
  Finished generating code
LINK : warning LNK4039: section '.injsec' specified with /SECTION option does not exist
LINK : warning LNK4039: section '.injsec' specified with /SECTION option does not exist
LINK : warning LNK4039: section '.injsec' specified with /SECTION option does not exist
LINK : warning LNK4039: section '.injsec' specified with /SECTION option does not exist
  Redone.vcxproj -> C:\Users\n\Documents\Output directory\Patcher\Redone.exe
