c:\users\n\source\repos\dawn-of-war-overdrive-performance latest\redone\release\vc143.pdb
c:\users\n\source\repos\dawn-of-war-overdrive-performance latest\redone\release\zeropechecksum.obj
c:\users\n\source\repos\dawn-of-war-overdrive-performance latest\redone\release\patchlobby.obj
c:\users\n\source\repos\dawn-of-war-overdrive-performance latest\redone\release\dllutils.obj
c:\users\n\source\repos\dawn-of-war-overdrive-performance latest\redone\release\debuglogger.obj
c:\users\n\source\repos\dawn-of-war-overdrive-performance latest\redone\release\redoneproject.obj
c:\users\n\documents\output directory\patcher\redone.exe
c:\users\n\documents\output directory\patcher\redone.pdb
c:\users\n\documents\output directory\patcher\redone.lib
c:\users\n\documents\output directory\patcher\redone.exp
c:\users\n\source\repos\dawn-of-war-overdrive-performance latest\redone\release\redone.ipdb
c:\users\n\source\repos\dawn-of-war-overdrive-performance latest\redone\release\redone.iobj
c:\users\n\source\repos\dawn-of-war-overdrive-performance latest\redone\release\redone.tlog\cl.command.1.tlog
c:\users\n\source\repos\dawn-of-war-overdrive-performance latest\redone\release\redone.tlog\cl.items.tlog
c:\users\n\source\repos\dawn-of-war-overdrive-performance latest\redone\release\redone.tlog\cl.read.1.tlog
c:\users\n\source\repos\dawn-of-war-overdrive-performance latest\redone\release\redone.tlog\cl.write.1.tlog
c:\users\n\source\repos\dawn-of-war-overdrive-performance latest\redone\release\redone.tlog\link.command.1.tlog
c:\users\n\source\repos\dawn-of-war-overdrive-performance latest\redone\release\redone.tlog\link.read.1.tlog
c:\users\n\source\repos\dawn-of-war-overdrive-performance latest\redone\release\redone.tlog\link.secondary.1.tlog
c:\users\n\source\repos\dawn-of-war-overdrive-performance latest\redone\release\redone.tlog\link.write.1.tlog
