c:\users\ocin\documents\project ccai\redone\soulstormpatcherinjector\release\vc143.pdb
c:\users\ocin\documents\project ccai\redone\soulstormpatcherinjector\release\soulstormpatcherinjector.obj
c:\users\ocin\documents\project ccai\dll and injector\soulstormpatcherinjector.exe
c:\users\ocin\documents\project ccai\dll and injector\soulstormpatcherinjector.pdb
c:\users\ocin\documents\project ccai\redone\soulstormpatcherinjector\release\soulstormpatcherinjector.res
c:\users\ocin\documents\project ccai\redone\soulstormpatcherinjector\release\soulstormpatcherinjector.ipdb
c:\users\ocin\documents\project ccai\redone\soulstormpatcherinjector\release\soulstormpatcherinjector.iobj
c:\users\n\documents\project ccai\redone\soulstormpatcherinjector\release\soulstormpatcherinjector.obj
c:\users\n\documents\project ccai\redone\soulstormpatcherinjector\release\soulstormpatcherinjector.ipdb
c:\users\n\documents\project ccai\redone\soulstormpatcherinjector\release\soulstormpatcherinjector.iobj
c:\users\n\documents\project ccai\redone\soulstormpatcherinjector\release\soulstormpatcherinjector.res
c:\users\n\documents\project ccai\redone\soulstormpatcherinjector\release\vc143.pdb
c:\users\n\documents\project ccai\redone\soulstormpatcherinjector\release\soulstor.d0a6c12b.tlog\cl.command.1.tlog
c:\users\n\documents\project ccai\redone\soulstormpatcherinjector\release\soulstor.d0a6c12b.tlog\cl.items.tlog
c:\users\n\documents\project ccai\redone\soulstormpatcherinjector\release\soulstor.d0a6c12b.tlog\cl.read.1.tlog
c:\users\n\documents\project ccai\redone\soulstormpatcherinjector\release\soulstor.d0a6c12b.tlog\cl.write.1.tlog
c:\users\n\documents\project ccai\redone\soulstormpatcherinjector\release\soulstor.d0a6c12b.tlog\link.command.1.tlog
c:\users\n\documents\project ccai\redone\soulstormpatcherinjector\release\soulstor.d0a6c12b.tlog\link.read.1.tlog
c:\users\n\documents\project ccai\redone\soulstormpatcherinjector\release\soulstor.d0a6c12b.tlog\link.secondary.1.tlog
c:\users\n\documents\project ccai\redone\soulstormpatcherinjector\release\soulstor.d0a6c12b.tlog\link.write.1.tlog
c:\users\n\documents\project ccai\redone\soulstormpatcherinjector\release\soulstor.d0a6c12b.tlog\rc.command.1.tlog
c:\users\n\documents\project ccai\redone\soulstormpatcherinjector\release\soulstor.d0a6c12b.tlog\rc.read.1.tlog
c:\users\n\documents\project ccai\redone\soulstormpatcherinjector\release\soulstor.d0a6c12b.tlog\rc.write.1.tlog
