c:\users\n\documents\project ccai\redone\github source\gdi hooking dll\release\gdi hooking dll.pch
c:\users\n\documents\project ccai\redone\github source\gdi hooking dll\release\vc143.pdb
c:\users\n\documents\project ccai\redone\github source\gdi hooking dll\release\pch.obj
c:\users\n\documents\project ccai\redone\github source\gdi hooking dll\release\sdlthread.obj
c:\users\n\documents\project ccai\redone\github source\gdi hooking dll\release\iathooking.obj
c:\users\n\documents\project ccai\redone\github source\gdi hooking dll\release\dllmain.obj
c:\users\n\documents\output directory\gdi and render\gdi hooking dll.dll
c:\users\n\documents\output directory\gdi and render\gdi hooking dll.pdb
c:\users\n\documents\output directory\gdi and render\gdi hooking dll.lib
c:\users\n\documents\output directory\gdi and render\gdi hooking dll.exp
c:\users\n\documents\project ccai\redone\github source\gdi hooking dll\release\gdi hooking dll.ipdb
c:\users\n\documents\project ccai\redone\github source\gdi hooking dll\release\gdi hooking dll.iobj
c:\users\n\documents\project ccai\redone\github source\gdi hooking dll\release\gdi hooking dll.tlog\cl.command.1.tlog
c:\users\n\documents\project ccai\redone\github source\gdi hooking dll\release\gdi hooking dll.tlog\cl.items.tlog
c:\users\n\documents\project ccai\redone\github source\gdi hooking dll\release\gdi hooking dll.tlog\cl.read.1.tlog
c:\users\n\documents\project ccai\redone\github source\gdi hooking dll\release\gdi hooking dll.tlog\cl.write.1.tlog
c:\users\n\documents\project ccai\redone\github source\gdi hooking dll\release\gdi hooking dll.tlog\link.command.1.tlog
c:\users\n\documents\project ccai\redone\github source\gdi hooking dll\release\gdi hooking dll.tlog\link.read.1.tlog
c:\users\n\documents\project ccai\redone\github source\gdi hooking dll\release\gdi hooking dll.tlog\link.secondary.1.tlog
c:\users\n\documents\project ccai\redone\github source\gdi hooking dll\release\gdi hooking dll.tlog\link.write.1.tlog
