c:\users\n\documents\project ccai\redone\gdi hooking dll\debug\gdi hooking dll.pch
c:\users\n\documents\project ccai\redone\gdi hooking dll\debug\vc143.pdb
c:\users\n\documents\project ccai\redone\gdi hooking dll\debug\vc143.idb
c:\users\n\documents\project ccai\redone\gdi hooking dll\debug\pch.obj
c:\users\n\documents\project ccai\redone\gdi hooking dll\debug\sdlthread.obj
c:\users\n\documents\project ccai\redone\gdi hooking dll\debug\iathooking.obj
c:\users\n\documents\project ccai\redone\gdi hooking dll\debug\gdihookfunctions.obj
c:\users\n\documents\project ccai\redone\gdi hooking dll\debug\dllmain.obj
c:\users\n\documents\output directory\gdi and render\gdi hooking dll.dll
c:\users\n\documents\output directory\gdi and render\gdi hooking dll.pdb
c:\users\n\documents\output directory\gdi and render\gdi hooking dll.lib
c:\users\n\documents\output directory\gdi and render\gdi hooking dll.exp
c:\users\n\documents\project ccai\redone\gdi hooking dll\debug\gdi hooking dll.ilk
c:\users\n\documents\project ccai\redone\gdi hooking dll\debug\gdi hooking dll.tlog\cl.command.1.tlog
c:\users\n\documents\project ccai\redone\gdi hooking dll\debug\gdi hooking dll.tlog\cl.items.tlog
c:\users\n\documents\project ccai\redone\gdi hooking dll\debug\gdi hooking dll.tlog\cl.read.1.tlog
c:\users\n\documents\project ccai\redone\gdi hooking dll\debug\gdi hooking dll.tlog\cl.write.1.tlog
c:\users\n\documents\project ccai\redone\gdi hooking dll\debug\gdi hooking dll.tlog\link.command.1.tlog
c:\users\n\documents\project ccai\redone\gdi hooking dll\debug\gdi hooking dll.tlog\link.read.1.tlog
c:\users\n\documents\project ccai\redone\gdi hooking dll\debug\gdi hooking dll.tlog\link.secondary.1.tlog
c:\users\n\documents\project ccai\redone\gdi hooking dll\debug\gdi hooking dll.tlog\link.write.1.tlog
